<project xmlns="http://maven.apache.org/POM/4.0.0" xmlns:xsi="http://www.w3.org/2001/XMLSchema-instance"
	xsi:schemaLocation="http://maven.apache.org/POM/4.0.0 http://maven.apache.org/maven-v4_0_0.xsd">
	<modelVersion>4.0.0</modelVersion>

	<parent>
		<groupId>org.ab-software</groupId>
		<artifactId>dbo</artifactId>
		<version>1.0.0</version>
	</parent>

	<groupId>org.ab-software.dbo</groupId>
	<artifactId>test-deps</artifactId>
	<packaging>pom</packaging>
	<version>1.0.0</version>
	<name>test-deps</name>

	<build>
		<sourceDirectory>${basedir}/src/main/java</sourceDirectory>
		<outputDirectory>${basedir}/webapp/WEB-INF/classes</outputDirectory>

		<plugins>
			<plugin>
				<groupId>org.apache.maven.plugins</groupId>
				<artifactId>maven-clean-plugin</artifactId>
				<configuration>
					<filesets>
						<fileset>
							<directory>lib</directory>
						</fileset>
					</filesets>
				</configuration>
			</plugin>
			<plugin>
				<groupId>org.apache.maven.plugins</groupId>
				<artifactId>maven-jar-plugin</artifactId>
				<configuration>
					<archive>
						<manifest>
							<addClasspath>true</addClasspath>
							<classpathPrefix>../lib/</classpathPrefix>
						</manifest>
					</archive>
				</configuration>
			</plugin>
			<plugin>
				<groupId>org.apache.maven.plugins</groupId>
				<artifactId>maven-war-plugin</artifactId>
				<version>2.0</version>
				<configuration>
					<warSourceDirectory>${basedir}/webapp</warSourceDirectory>
					<primaryArtifact>false</primaryArtifact>
					<archive>
						<addMavenDescriptor>false</addMavenDescriptor>
					</archive>
				</configuration>
				<executions>
					<execution>
						<goals>
							<goal>war</goal>
						</goals>
					</execution>
				</executions>
			</plugin>
		</plugins>
	</build>
	<dependencies>
		<dependency>
			<groupId>junit</groupId>
			<artifactId>junit</artifactId>
			<version>4.4</version>
			<type>jar</type>
			<scope>test</scope>
		</dependency>
		<dependency>
			<groupId>org.springframework</groupId>
			<artifactId>spring-test</artifactId>
			<version>2.5.4</version>
			<scope>test</scope>
		</dependency>
	</dependencies>

</project>
